<?xml version="1.0" encoding="UTF-8"?>
<coverage generated="1701116417573" clover="3.2.0">
  <project timestamp="1701116417573" name="All files">
    <metrics statements="25" coveredstatements="6" conditionals="4" coveredconditionals="0" methods="10" coveredmethods="1" elements="39" coveredelements="7" complexity="0" loc="25" ncloc="25" packages="2" files="2" classes="2"/>
    <package name="database">
      <metrics statements="13" coveredstatements="4" conditionals="4" coveredconditionals="0" methods="4" coveredmethods="0"/>
      <file name="index.js" path="/home/alex/programacao/trabalho_pratico_engenharia_software/implementacao/backend/src/app/database/index.js">
        <metrics statements="13" coveredstatements="4" conditionals="4" coveredconditionals="0" methods="4" coveredmethods="0"/>
        <line num="5" count="1" type="stmt"/>
        <line num="8" count="1" type="stmt"/>
        <line num="17" count="1" type="stmt"/>
        <line num="18" count="0" type="cond" truecount="0" falsecount="2"/>
        <line num="20" count="0" type="stmt"/>
        <line num="23" count="0" type="stmt"/>
        <line num="28" count="1" type="stmt"/>
        <line num="29" count="0" type="stmt"/>
        <line num="31" count="0" type="stmt"/>
        <line num="32" count="0" type="cond" truecount="0" falsecount="2"/>
        <line num="33" count="0" type="stmt"/>
        <line num="36" count="0" type="stmt"/>
        <line num="40" count="0" type="stmt"/>
      </file>
    </package>
    <package name="repositories">
      <metrics statements="12" coveredstatements="2" conditionals="0" coveredconditionals="0" methods="6" coveredmethods="1"/>
      <file name="Repository.js" path="/home/alex/programacao/trabalho_pratico_engenharia_software/implementacao/backend/src/app/repositories/Repository.js">
        <metrics statements="12" coveredstatements="2" conditionals="0" coveredconditionals="0" methods="6" coveredmethods="1"/>
        <line num="7" count="1" type="stmt"/>
        <line num="8" count="1" type="stmt"/>
        <line num="13" count="0" type="stmt"/>
        <line num="14" count="0" type="stmt"/>
        <line num="19" count="0" type="stmt"/>
        <line num="20" count="0" type="stmt"/>
        <line num="25" count="0" type="stmt"/>
        <line num="26" count="0" type="stmt"/>
        <line num="31" count="0" type="stmt"/>
        <line num="32" count="0" type="stmt"/>
        <line num="37" count="0" type="stmt"/>
        <line num="38" count="0" type="stmt"/>
      </file>
    </package>
  </project>
</coverage>
