{"/home/alex/programacao/trabalho_pratico_engenharia_software/implementacao/backend/src/app/database/index.js": {"path":"/home/alex/programacao/trabalho_pratico_engenharia_software/implementacao/backend/src/app/database/index.js","statementMap":{"0":{"start":{"line":5,"column":0},"end":{"line":5,"column":16}},"1":{"start":{"line":8,"column":11},"end":{"line":14,"column":2}},"2":{"start":{"line":17,"column":0},"end":{"line":25,"column":3}},"3":{"start":{"line":18,"column":1},"end":{"line":24,"column":2}},"4":{"start":{"line":20,"column":2},"end":{"line":20,"column":61}},"5":{"start":{"line":23,"column":2},"end":{"line":23,"column":68}},"6":{"start":{"line":28,"column":24},"end":{"line":43,"column":1}},"7":{"start":{"line":29,"column":1},"end":{"line":42,"column":4}},"8":{"start":{"line":31,"column":2},"end":{"line":41,"column":5}},"9":{"start":{"line":32,"column":3},"end":{"line":33,"column":69}},"10":{"start":{"line":33,"column":4},"end":{"line":33,"column":69}},"11":{"start":{"line":36,"column":20},"end":{"line":39,"column":4}},"12":{"start":{"line":40,"column":3},"end":{"line":40,"column":28}}},"fnMap":{"0":{"name":"(anonymous_0)","decl":{"start":{"line":17,"column":11},"end":{"line":17,"column":12}},"loc":{"start":{"line":17,"column":21},"end":{"line":25,"column":1}},"line":17},"1":{"name":"(anonymous_1)","decl":{"start":{"line":28,"column":24},"end":{"line":28,"column":25}},"loc":{"start":{"line":28,"column":42},"end":{"line":43,"column":1}},"line":28},"2":{"name":"(anonymous_2)","decl":{"start":{"line":29,"column":20},"end":{"line":29,"column":21}},"loc":{"start":{"line":29,"column":41},"end":{"line":42,"column":2}},"line":29},"3":{"name":"(anonymous_3)","decl":{"start":{"line":31,"column":25},"end":{"line":31,"column":26}},"loc":{"start":{"line":31,"column":46},"end":{"line":41,"column":3}},"line":31}},"branchMap":{"0":{"loc":{"start":{"line":18,"column":1},"end":{"line":24,"column":2}},"type":"if","locations":[{"start":{"line":18,"column":1},"end":{"line":24,"column":2}},{"start":{"line":21,"column":8},"end":{"line":24,"column":2}}],"line":18},"1":{"loc":{"start":{"line":32,"column":3},"end":{"line":33,"column":69}},"type":"if","locations":[{"start":{"line":32,"column":3},"end":{"line":33,"column":69}},{"start":{},"end":{}}],"line":32}},"s":{"0":1,"1":1,"2":1,"3":0,"4":0,"5":0,"6":1,"7":0,"8":0,"9":0,"10":0,"11":0,"12":0},"f":{"0":0,"1":0,"2":0,"3":0},"b":{"0":[0,0],"1":[0,0]},"_coverageSchema":"1a1c01bbd47fc00a2c39e90264f33305004495a9","hash":"a4bcf7c5927febae363fab0f431406d38651974e"}
,"/home/alex/programacao/trabalho_pratico_engenharia_software/implementacao/backend/src/app/repositories/Repository.js": {"path":"/home/alex/programacao/trabalho_pratico_engenharia_software/implementacao/backend/src/app/repositories/Repository.js","statementMap":{"0":{"start":{"line":7,"column":4},"end":{"line":7,"column":25}},"1":{"start":{"line":8,"column":4},"end":{"line":8,"column":17}},"2":{"start":{"line":13,"column":16},"end":{"line":13,"column":46}},"3":{"start":{"line":14,"column":4},"end":{"line":14,"column":25}},"4":{"start":{"line":19,"column":16},"end":{"line":19,"column":75}},"5":{"start":{"line":20,"column":4},"end":{"line":20,"column":31}},"6":{"start":{"line":25,"column":16},"end":{"line":25,"column":55}},"7":{"start":{"line":26,"column":4},"end":{"line":26,"column":38}},"8":{"start":{"line":31,"column":16},"end":{"line":31,"column":74}},"9":{"start":{"line":32,"column":4},"end":{"line":32,"column":42}},"10":{"start":{"line":37,"column":16},"end":{"line":37,"column":73}},"11":{"start":{"line":38,"column":4},"end":{"line":38,"column":24}}},"fnMap":{"0":{"name":"(anonymous_0)","decl":{"start":{"line":6,"column":2},"end":{"line":6,"column":3}},"loc":{"start":{"line":6,"column":26},"end":{"line":9,"column":3}},"line":6},"1":{"name":"(anonymous_1)","decl":{"start":{"line":12,"column":2},"end":{"line":12,"column":3}},"loc":{"start":{"line":12,"column":12},"end":{"line":15,"column":3}},"line":12},"2":{"name":"(anonymous_2)","decl":{"start":{"line":18,"column":2},"end":{"line":18,"column":3}},"loc":{"start":{"line":18,"column":15},"end":{"line":21,"column":3}},"line":18},"3":{"name":"(anonymous_3)","decl":{"start":{"line":24,"column":2},"end":{"line":24,"column":3}},"loc":{"start":{"line":24,"column":20},"end":{"line":27,"column":3}},"line":24},"4":{"name":"(anonymous_4)","decl":{"start":{"line":30,"column":2},"end":{"line":30,"column":3}},"loc":{"start":{"line":30,"column":24},"end":{"line":33,"column":3}},"line":30},"5":{"name":"(anonymous_5)","decl":{"start":{"line":36,"column":2},"end":{"line":36,"column":3}},"loc":{"start":{"line":36,"column":13},"end":{"line":39,"column":3}},"line":36}},"branchMap":{},"s":{"0":1,"1":1,"2":0,"3":0,"4":0,"5":0,"6":0,"7":0,"8":0,"9":0,"10":0,"11":0},"f":{"0":1,"1":0,"2":0,"3":0,"4":0,"5":0},"b":{},"_coverageSchema":"1a1c01bbd47fc00a2c39e90264f33305004495a9","hash":"840bcdb14bdd6ab2a259cf897db1bf66171b4946"}
}
